{"/Users/marcocampos/dev/posts-temp/src/App.vue": {"path":"/Users/marcocampos/dev/posts-temp/src/App.vue","statementMap":{"0":{"start":{"line":4,"column":29},"end":{"line":4,"column":142}},"1":{"start":{"line":5,"column":0},"end":{"line":7,"column":3}},"2":{"start":{"line":8,"column":0},"end":{"line":8,"column":25}},"3":{"start":{"line":103,"column":0},"end":{"line":103,"column":13}},"4":{"start":{"line":105,"column":0},"end":{"line":107,"column":3}},"5":{"start":{"line":108,"column":0},"end":{"line":108,"column":24}},"6":{"start":{"line":109,"column":11},"end":{"line":109,"column":25}},"7":{"start":{"line":110,"column":32},"end":{"line":112,"column":26}},"8":{"start":{"line":113,"column":19},"end":{"line":115,"column":1}},"9":{"start":{"line":116,"column":19},"end":{"line":118,"column":1}},"10":{"start":{"line":119,"column":19},"end":{"line":121,"column":1}},"11":{"start":{"line":122,"column":19},"end":{"line":124,"column":1}},"12":{"start":{"line":126,"column":31},"end":{"line":126,"column":70}},"13":{"start":{"line":127,"column":33},"end":{"line":127,"column":74}},"14":{"start":{"line":128,"column":2},"end":{"line":134,"column":89}},"15":{"start":{"line":135,"column":2},"end":{"line":135,"column":49}}},"fnMap":{"0":{"name":"render","decl":{"start":{"line":125,"column":9},"end":{"line":125,"column":15}},"loc":{"start":{"line":125,"column":30},"end":{"line":135,"column":1}},"line":125}},"branchMap":{},"s":{"0":1,"1":1,"2":1,"3":1,"4":1,"5":1,"6":1,"7":1,"8":1,"9":1,"10":1,"11":1,"12":2,"13":2,"14":2,"15":1},"f":{"0":2},"b":{},"inputSourceMap":{"0":"{","1":"\"","2":"v","3":"e","4":"r","5":"s","6":"i","7":"o","8":"n","9":"\"","10":":","11":"3","12":",","13":"\"","14":"s","15":"o","16":"u","17":"r","18":"c","19":"e","20":"s","21":"\"","22":":","23":"[","24":"\"","25":"/","26":"U","27":"s","28":"e","29":"r","30":"s","31":"/","32":"m","33":"a","34":"r","35":"c","36":"o","37":"c","38":"a","39":"m","40":"p","41":"o","42":"s","43":"/","44":"d","45":"e","46":"v","47":"/","48":"p","49":"o","50":"s","51":"t","52":"s","53":"-","54":"t","55":"e","56":"m","57":"p","58":"/","59":"s","60":"r","61":"c","62":"/","63":"A","64":"p","65":"p","66":".","67":"v","68":"u","69":"e","70":"\"","71":"]","72":",","73":"\"","74":"n","75":"a","76":"m","77":"e","78":"s","79":"\"","80":":","81":"[","82":"]","83":",","84":"\"","85":"m","86":"a","87":"p","88":"p","89":"i","90":"n","91":"g","92":"s","93":"\"","94":":","95":"\"","96":";","97":";","98":";","99":";","100":";","101":";","102":";","103":";","104":"A","105":"A","106":"e","107":"A","108":";","109":"A","110":"A","111":"A","112":"A","113":";","114":"A","115":"A","116":"A","117":"A","118":";","119":"A","120":"A","121":"E","122":"A","123":";","124":"A","125":"A","126":"A","127":"A","128":";","129":"A","130":"A","131":"A","132":"A","133":";","134":"A","135":"A","136":"C","137":"A","138":";","139":"A","140":"A","141":"A","142":"A","143":";","144":"A","145":"A","146":"A","147":"A","148":";","149":"A","150":"A","151":"C","152":"A","153":";","154":"A","155":"A","156":"A","157":"A","158":";","159":"A","160":"A","161":"A","162":"A","163":";","164":"A","165":"A","166":"C","167":"A","168":";","169":"A","170":"A","171":"A","172":"A","173":";","174":"A","175":"A","176":"A","177":"A","178":";","179":"A","180":"A","181":"A","182":"u","183":"C","184":";","185":"A","186":"A","187":"A","188":"A","189":",","190":"i","191":"C","192":"A","193":"E","194":"x","195":"B","196":";","197":"E","198":"A","199":"C","200":"b","201":",","202":"I","203":"A","204":"A","205":"I","206":",","207":"E","208":"A","209":"A","210":"E","211":",","212":"K","213":"A","214":"A","215":"K","216":";","217":"E","218":"A","219":"C","220":"X","221":",","222":"U","223":"A","224":"A","225":"U","226":",","227":"E","228":"A","229":"A","230":"E","231":";","232":"I","233":"A","234":"C","235":"V","236":",","237":"S","238":"A","239":"A","240":"S","241":";","242":"I","243":"A","244":"A","245":"T","246":";","247":"I","248":"A","249":"A","250":"A","251":";","252":"I","253":"A","254":"A","255":"A","256":";","257":"I","258":"A","259":"A","260":"A","261":",","262":"O","263":"A","264":"A","265":"S","266":";","267":"I","268":"A","269":"C","270":"T","271":",","272":"W","273":"A","274":"A","275":"W","276":";","277":"I","278":"A","279":"A","280":"X","281":";","282":"I","283":"A","284":"A","285":"A","286":";","287":"I","288":"A","289":"A","290":"A","291":";","292":"I","293":"A","294":"A","295":"A","296":";","297":"E","298":"A","299":"C","300":"F","301":",","302":"C","303":"A","304":"A","305":"C","306":";","307":"E","308":"A","309":"C","310":"D","311":",","312":"K","313":"A","314":"A","315":"K","316":",","317":"G","318":"A","319":"A","320":"G","321":";","322":"I","323":"A","324":"C","325":"N","326":",","327":"M","328":"A","329":"A","330":"M","331":",","332":"O","333":"A","334":"A","335":"O","336":";","337":"I","338":"A","339":"A","340":"G","341":";","342":"I","343":"A","344":"A","345":"A","346":";","347":"I","348":"A","349":"A","350":"A","351":";","352":"I","353":"A","354":"A","355":"A","356":";","357":"I","358":"A","359":"A","360":"A","361":";","362":"I","363":"A","364":"A","365":"A","366":",","367":"G","368":"A","369":"A","370":"G","371":",","372":"E","373":"A","374":"A","375":"C","376":",","377":"E","378":"A","379":"A","380":"E","381":",","382":"C","383":"A","384":"A","385":"C","386":";","387":"I","388":"A","389":"C","390":"v","391":"B","392":",","393":"M","394":"A","395":"A","396":"M","397":",","398":"K","399":"A","400":"A","401":"K","402":";","403":"I","404":"A","405":"A","406":"G","407":";","408":"I","409":"A","410":"A","411":"A","412":";","413":"I","414":"A","415":"A","416":"A","417":";","418":"I","419":"A","420":"A","421":"A","422":";","423":"I","424":"A","425":"A","426":"A","427":";","428":"I","429":"A","430":"A","431":"A","432":",","433":"G","434":"A","435":"A","436":"G","437":",","438":"E","439":"A","440":"A","441":"C","442":",","443":"E","444":"A","445":"A","446":"E","447":",","448":"C","449":"A","450":"A","451":"C","452":";","453":";","454":"I","455":"A","456":"E","457":"r","458":"B","459":";","460":"I","461":"A","462":"C","463":"A","464":",","465":"S","466":"A","467":"A","468":"S","469":",","470":"a","471":"A","472":"A","473":"a","474":",","475":"C","476":"A","477":"A","478":"C","479":",","480":"M","481":"A","482":"A","483":"M","484":",","485":"E","486":"A","487":"A","488":"E","489":";","490":"M","491":"A","492":"C","493":"7","494":"B","495":",","496":"K","497":"A","498":"A","499":"K","500":",","501":"C","502":"A","503":"A","504":"C","505":",","506":"K","507":"A","508":"A","509":"K","510":";","511":"M","512":"A","513":"A","514":"G","515":";","516":"M","517":"A","518":"A","519":"A","520":";","521":"M","522":"A","523":"A","524":"A","525":";","526":"M","527":"A","528":"A","529":"A","530":";","531":"M","532":"A","533":"A","534":"A","535":";","536":"M","537":"A","538":"A","539":"A","540":",","541":"m","542":"B","543":"A","544":"A","545":"m","546":"B","547":",","548":"E","549":"A","550":"A","551":"C","552":",","553":"K","554":"A","555":"A","556":"K","557":",","558":"C","559":"A","560":"A","561":"C","562":",","563":"K","564":"A","565":"A","566":"K","567":",","568":"E","569":"A","570":"A","571":"E","572":",","573":"M","574":"A","575":"A","576":"M","577":",","578":"C","579":"A","580":"A","581":"C","582":",","583":"I","584":"A","585":"A","586":"I","587":",","588":"E","589":"A","590":"A","591":"E","592":",","593":"M","594":"A","595":"A","596":"M","597":",","598":"C","599":"A","600":"A","601":"C","602":",","603":"E","604":"A","605":"A","606":"E","607":",","608":"C","609":"A","610":"A","611":"C","612":";","613":"M","614":"A","615":"C","616":"t","617":"E","618":",","619":"O","620":"A","621":"A","622":"O","623":",","624":"C","625":"A","626":"A","627":"C","628":",","629":"K","630":"A","631":"A","632":"K","633":",","634":"C","635":"A","636":"A","637":"C","638":",","639":"O","640":"A","641":"A","642":"O","643":",","644":"C","645":"A","646":"A","647":"C","648":",","649":"M","650":"A","651":"A","652":"M","653":",","654":"C","655":"A","656":"A","657":"C","658":";","659":"I","660":"A","661":"C","662":"/","663":"B","664":";","665":"I","666":"A","667":"E","668":"A","669":",","670":"S","671":"A","672":"A","673":"S","674":",","675":"g","676":"B","677":"A","678":"A","679":"g","680":"B","681":",","682":"C","683":"A","684":"A","685":"C","686":",","687":"O","688":"A","689":"A","690":"O","691":",","692":"E","693":"A","694":"A","695":"E","696":";","697":"M","698":"A","699":"C","700":"j","701":"C","702":",","703":"K","704":"A","705":"A","706":"K","707":",","708":"I","709":"A","710":"A","711":"I","712":",","713":"C","714":"A","715":"A","716":"C","717":",","718":"G","719":"A","720":"A","721":"G","722":",","723":"C","724":"A","725":"A","726":"C","727":",","728":"E","729":"A","730":"A","731":"E","732":",","733":"C","734":"A","735":"A","736":"C","737":",","738":"I","739":"A","740":"A","741":"I","742":",","743":"O","744":"A","745":"A","746":"O","747":",","748":"E","749":"A","750":"A","751":"E","752":",","753":"C","754":"A","755":"A","756":"C","757":",","758":"E","759":"A","760":"A","761":"E","762":",","763":"E","764":"A","765":"A","766":"E","767":";","768":"Q","769":"A","770":"C","771":"j","772":"C","773":",","774":"M","775":"A","776":"A","777":"M","778":",","779":"M","780":"A","781":"A","782":"M","783":",","784":"G","785":"A","786":"A","787":"G","788":",","789":"O","790":"A","791":"A","792":"O","793":",","794":"C","795":"A","796":"A","797":"C","798":",","799":"K","800":"A","801":"A","802":"K","803":",","804":"C","805":"A","806":"A","807":"C","808":",","809":"K","810":"A","811":"A","812":"K","813":",","814":"C","815":"A","816":"A","817":"C","818":",","819":"C","820":"A","821":"A","822":"C","823":";","824":"Q","825":"A","826":"C","827":"p","828":"C","829":",","830":"K","831":"A","832":"A","833":"K","834":",","835":"C","836":"A","837":"A","838":"C","839":",","840":"K","841":"A","842":"A","843":"K","844":";","845":"Q","846":"A","847":"A","848":"G","849":";","850":"Q","851":"A","852":"A","853":"A","854":";","855":"Q","856":"A","857":"A","858":"A","859":";","860":"Q","861":"A","862":"A","863":"A","864":";","865":"Q","866":"A","867":"A","868":"A","869":";","870":"Q","871":"A","872":"A","873":"A","874":",","875":"m","876":"B","877":"A","878":"A","879":"m","880":"B","881":",","882":"E","883":"A","884":"A","885":"C","886":",","887":"K","888":"A","889":"A","890":"K","891":",","892":"C","893":"A","894":"A","895":"C","896":",","897":"K","898":"A","899":"A","900":"K","901":",","902":"E","903":"A","904":"A","905":"E","906":",","907":"M","908":"A","909":"A","910":"M","911":",","912":"C","913":"A","914":"A","915":"C","916":",","917":"E","918":"A","919":"A","920":"E","921":",","922":"E","923":"A","924":"A","925":"E","926":",","927":"M","928":"A","929":"A","930":"M","931":",","932":"C","933":"A","934":"A","935":"C","936":",","937":"I","938":"A","939":"A","940":"I","941":",","942":"C","943":"A","944":"A","945":"C","946":";","947":"M","948":"A","949":"C","950":"x","951":"E","952":";","953":"I","954":"A","955":"C","956":"F","957":";","958":"I","959":"A","960":"E","961":"A","962":";","963":"I","964":"A","965":"A","966":"A","967":";","968":"I","969":"A","970":"A","971":"A","972":";","973":"I","974":"A","975":"A","976":"A","977":";","978":"I","979":"A","980":"A","981":"A","982":";","983":"I","984":"A","985":"A","986":"A","987":",","988":"S","989":"A","990":"A","991":"S","992":",","993":"E","994":"A","995":"A","996":"C","997":",","998":"M","999":"A","1000":"A","1001":"M","1002":";","1003":"M","1004":"A","1005":"C","1006":"d","1007":";","1008":"M","1009":"A","1010":"A","1011":"A","1012":";","1013":"M","1014":"A","1015":"A","1016":"A","1017":";","1018":"M","1019":"A","1020":"A","1021":"A","1022":";","1023":"M","1024":"A","1025":"A","1026":"A","1027":";","1028":"M","1029":"A","1030":"A","1031":"A","1032":",","1033":"U","1034":"A","1035":"A","1036":"U","1037":",","1038":"E","1039":"A","1040":"A","1041":"C","1042":",","1043":"C","1044":"A","1045":"A","1046":"C","1047":",","1048":"C","1049":"A","1050":"C","1051":"T","1052":",","1053":"I","1054":"A","1055":"A","1056":"I","1057":",","1058":"C","1059":"A","1060":"A","1061":"E","1062":",","1063":"I","1064":"A","1065":"A","1066":"I","1067":",","1068":"I","1069":"A","1070":"A","1071":"K","1072":";","1073":"Q","1074":"A","1075":"C","1076":"d","1077":",","1078":"K","1079":"A","1080":"A","1081":"K","1082":",","1083":"C","1084":"A","1085":"A","1086":"C","1087":",","1088":"K","1089":"A","1090":"A","1091":"K","1092":",","1093":"G","1094":"A","1095":"A","1096":"G","1097":",","1098":"I","1099":"A","1100":"A","1101":"I","1102":";","1103":"M","1104":"A","1105":"C","1106":"p","1107":"B","1108":",","1109":"C","1110":"A","1111":"A","1112":"C","1113":";","1114":"M","1115":"A","1116":"C","1117":"D","1118":";","1119":"M","1120":"A","1121":"A","1122":"A","1123":",","1124":"C","1125":"A","1126":"C","1127":"C","1128":",","1129":"K","1130":"A","1131":"A","1132":"K","1133":",","1134":"C","1135":"A","1136":"A","1137":"E","1138":",","1139":"K","1140":"A","1141":"A","1142":"K","1143":",","1144":"I","1145":"A","1146":"A","1147":"K","1148":",","1149":"O","1150":"A","1151":"A","1152":"O","1153":",","1154":"C","1155":"A","1156":"A","1157":"C","1158":",","1159":"G","1160":"A","1161":"A","1162":"G","1163":",","1164":"C","1165":"A","1166":"A","1167":"C","1168":",","1169":"K","1170":"A","1171":"A","1172":"K","1173":",","1174":"C","1175":"A","1176":"A","1177":"C","1178":",","1179":"C","1180":"A","1181":"A","1182":"C","1183":";","1184":"I","1185":"A","1186":"C","1187":"z","1188":"C","1189":",","1190":"C","1191":"A","1192":"A","1193":"C","1194":",","1195":"C","1196":"A","1197":"A","1198":"C","1199":";","1200":"I","1201":"A","1202":"E","1203":"F","1204":",","1205":"O","1206":"A","1207":"A","1208":"O","1209":";","1210":"M","1211":"A","1212":"C","1213":"L","1214":",","1215":"O","1216":"A","1217":"A","1218":"O","1219":";","1220":"M","1221":"A","1222":"C","1223":"P","1224":",","1225":"K","1226":"A","1227":"A","1228":"K","1229":";","1230":"M","1231":"A","1232":"C","1233":"L","1234":",","1235":"a","1236":"A","1237":"A","1238":"a","1239":";","1240":"M","1241":"A","1242":"C","1243":"b","1244":";","1245":"I","1246":"A","1247":"C","1248":"F","1249":",","1250":"C","1251":"A","1252":"A","1253":"C","1254":";","1255":"E","1256":"A","1257":"C","1258":"H","1259":";","1260":"A","1261":"A","1262":"C","1263":"F","1264":",","1265":"C","1266":"A","1267":"A","1268":"C","1269":"\"","1270":",","1271":"\"","1272":"f","1273":"i","1274":"l","1275":"e","1276":"\"","1277":":","1278":"\"","1279":"/","1280":"U","1281":"s","1282":"e","1283":"r","1284":"s","1285":"/","1286":"m","1287":"a","1288":"r","1289":"c","1290":"o","1291":"c","1292":"a","1293":"m","1294":"p","1295":"o","1296":"s","1297":"/","1298":"d","1299":"e","1300":"v","1301":"/","1302":"p","1303":"o","1304":"s","1305":"t","1306":"s","1307":"-","1308":"t","1309":"e","1310":"m","1311":"p","1312":"/","1313":"s","1314":"r","1315":"c","1316":"/","1317":"A","1318":"p","1319":"p","1320":".","1321":"v","1322":"u","1323":"e","1324":"\"","1325":",","1326":"\"","1327":"s","1328":"o","1329":"u","1330":"r","1331":"c","1332":"e","1333":"s","1334":"C","1335":"o","1336":"n","1337":"t","1338":"e","1339":"n","1340":"t","1341":"\"","1342":":","1343":"[","1344":"\"","1345":"<","1346":"t","1347":"e","1348":"m","1349":"p","1350":"l","1351":"a","1352":"t","1353":"e","1354":">","1355":"\\","1356":"n","1357":" ","1358":" ","1359":"<","1360":"d","1361":"i","1362":"v","1363":" ","1364":"c","1365":"l","1366":"a","1367":"s","1368":"s","1369":"=","1370":"\\","1371":"\"","1372":"b","1373":"a","1374":"c","1375":"k","1376":"g","1377":"r","1378":"o","1379":"u","1380":"n","1381":"d","1382":"\\","1383":"\"","1384":">","1385":"<","1386":"/","1387":"d","1388":"i","1389":"v","1390":">","1391":"\\","1392":"n","1393":" ","1394":" ","1395":"<","1396":"d","1397":"i","1398":"v","1399":" ","1400":"c","1401":"l","1402":"a","1403":"s","1404":"s","1405":"=","1406":"\\","1407":"\"","1408":"c","1409":"o","1410":"n","1411":"t","1412":"a","1413":"i","1414":"n","1415":"e","1416":"r","1417":"-","1418":"f","1419":"l","1420":"u","1421":"i","1422":"d","1423":"\\","1424":"\"","1425":">","1426":"\\","1427":"n","1428":" ","1429":" ","1430":" ","1431":" ","1432":"<","1433":"d","1434":"i","1435":"v","1436":" ","1437":"c","1438":"l","1439":"a","1440":"s","1441":"s","1442":"=","1443":"\\","1444":"\"","1445":"r","1446":"o","1447":"w","1448":"\\","1449":"\"","1450":">","1451":"\\","1452":"n","1453":" ","1454":" ","1455":" ","1456":" ","1457":" ","1458":" ","1459":"<","1460":"d","1461":"i","1462":"v","1463":" ","1464":"c","1465":"l","1466":"a","1467":"s","1468":"s","1469":"=","1470":"\\","1471":"\"","1472":"c","1473":"o","1474":"l","1475":"-","1476":"m","1477":"d","1478":"-","1479":"6","1480":"\\","1481":"\"","1482":">","1483":"\\","1484":"n","1485":" ","1486":" ","1487":" ","1488":" ","1489":" ","1490":" ","1491":" ","1492":" ","1493":"<","1494":"P","1495":"o","1496":"s","1497":"t","1498":"s","1499":"L","1500":"i","1501":"s","1502":"t","1503":" ","1504":"@","1505":"r","1506":"e","1507":"o","1508":"r","1509":"d","1510":"e","1511":"r","1512":"=","1513":"\\","1514":"\"","1515":"h","1516":"a","1517":"n","1518":"d","1519":"l","1520":"e","1521":"R","1522":"e","1523":"o","1524":"r","1525":"d","1526":"e","1527":"r","1528":"\\","1529":"\"","1530":" ","1531":":","1532":"i","1533":"t","1534":"e","1535":"m","1536":"s","1537":"=","1538":"\\","1539":"\"","1540":"p","1541":"o","1542":"s","1543":"t","1544":"s","1545":"\\","1546":"\"","1547":" ","1548":"/","1549":">","1550":"\\","1551":"n","1552":" ","1553":" ","1554":" ","1555":" ","1556":" ","1557":" ","1558":"<","1559":"/","1560":"d","1561":"i","1562":"v","1563":">","1564":"\\","1565":"n","1566":" ","1567":" ","1568":" ","1569":" ","1570":" ","1571":" ","1572":"<","1573":"d","1574":"i","1575":"v","1576":" ","1577":"c","1578":"l","1579":"a","1580":"s","1581":"s","1582":"=","1583":"\\","1584":"\"","1585":"c","1586":"o","1587":"l","1588":"-","1589":"m","1590":"d","1591":"-","1592":"6","1593":"\\","1594":"\"","1595":">","1596":"\\","1597":"n","1598":" ","1599":" ","1600":" ","1601":" ","1602":" ","1603":" ","1604":" ","1605":" ","1606":"<","1607":"A","1608":"c","1609":"t","1610":"i","1611":"o","1612":"n","1613":"s","1614":"L","1615":"i","1616":"s","1617":"t","1618":" ","1619":":","1620":"a","1621":"c","1622":"t","1623":"i","1624":"o","1625":"n","1626":"s","1627":"=","1628":"\\","1629":"\"","1630":"a","1631":"c","1632":"t","1633":"i","1634":"o","1635":"n","1636":"s","1637":"\\","1638":"\"","1639":" ","1640":"@","1641":"t","1642":"i","1643":"m","1644":"e","1645":"-","1646":"t","1647":"r","1648":"a","1649":"v","1650":"e","1651":"l","1652":"=","1653":"\\","1654":"\"","1655":"h","1656":"a","1657":"n","1658":"d","1659":"l","1660":"e","1661":"T","1662":"i","1663":"m","1664":"e","1665":"T","1666":"r","1667":"a","1668":"v","1669":"e","1670":"l","1671":"\\","1672":"\"","1673":" ","1674":"/","1675":">","1676":"\\","1677":"n","1678":" ","1679":" ","1680":" ","1681":" ","1682":" ","1683":" ","1684":"<","1685":"/","1686":"d","1687":"i","1688":"v","1689":">","1690":"\\","1691":"n","1692":" ","1693":" ","1694":" ","1695":" ","1696":"<","1697":"/","1698":"d","1699":"i","1700":"v","1701":">","1702":"\\","1703":"n","1704":" ","1705":" ","1706":"<","1707":"/","1708":"d","1709":"i","1710":"v","1711":">","1712":"\\","1713":"n","1714":"<","1715":"/","1716":"t","1717":"e","1718":"m","1719":"p","1720":"l","1721":"a","1722":"t","1723":"e","1724":">","1725":"\\","1726":"n","1727":"\\","1728":"n","1729":"<","1730":"s","1731":"c","1732":"r","1733":"i","1734":"p","1735":"t","1736":">","1737":"\\","1738":"n","1739":"i","1740":"m","1741":"p","1742":"o","1743":"r","1744":"t","1745":" ","1746":"{","1747":" ","1748":"r","1749":"e","1750":"f","1751":",","1752":" ","1753":"o","1754":"n","1755":"M","1756":"o","1757":"u","1758":"n","1759":"t","1760":"e","1761":"d","1762":" ","1763":"}","1764":" ","1765":"f","1766":"r","1767":"o","1768":"m","1769":" ","1770":"\\","1771":"\"","1772":"v","1773":"u","1774":"e","1775":"\\","1776":"\"","1777":";","1778":"\\","1779":"n","1780":"\\","1781":"n","1782":"i","1783":"m","1784":"p","1785":"o","1786":"r","1787":"t","1788":" ","1789":"P","1790":"o","1791":"s","1792":"t","1793":"s","1794":"L","1795":"i","1796":"s","1797":"t","1798":" ","1799":"f","1800":"r","1801":"o","1802":"m","1803":" ","1804":"\\","1805":"\"","1806":".","1807":"/","1808":"c","1809":"o","1810":"m","1811":"p","1812":"o","1813":"n","1814":"e","1815":"n","1816":"t","1817":"s","1818":"/","1819":"P","1820":"o","1821":"s","1822":"t","1823":"s","1824":"L","1825":"i","1826":"s","1827":"t","1828":".","1829":"v","1830":"u","1831":"e","1832":"\\","1833":"\"","1834":";","1835":"\\","1836":"n","1837":"i","1838":"m","1839":"p","1840":"o","1841":"r","1842":"t","1843":" ","1844":"A","1845":"c","1846":"t","1847":"i","1848":"o","1849":"n","1850":"s","1851":"L","1852":"i","1853":"s","1854":"t","1855":" ","1856":"f","1857":"r","1858":"o","1859":"m","1860":" ","1861":"\\","1862":"\"","1863":".","1864":"/","1865":"c","1866":"o","1867":"m","1868":"p","1869":"o","1870":"n","1871":"e","1872":"n","1873":"t","1874":"s","1875":"/","1876":"A","1877":"c","1878":"t","1879":"i","1880":"o","1881":"n","1882":"s","1883":"L","1884":"i","1885":"s","1886":"t","1887":".","1888":"v","1889":"u","1890":"e","1891":"\\","1892":"\"","1893":";","1894":"\\","1895":"n","1896":"i","1897":"m","1898":"p","1899":"o","1900":"r","1901":"t","1902":" ","1903":"{","1904":" ","1905":"m","1906":"o","1907":"v","1908":"e","1909":"I","1910":"t","1911":"e","1912":"m","1913":"W","1914":"i","1915":"t","1916":"h","1917":"i","1918":"n","1919":"A","1920":"r","1921":"r","1922":"a","1923":"y","1924":" ","1925":"}","1926":" ","1927":"f","1928":"r","1929":"o","1930":"m","1931":" ","1932":"\\","1933":"\"","1934":".","1935":"/","1936":"u","1937":"t","1938":"i","1939":"l","1940":"s","1941":"\\","1942":"\"","1943":";","1944":"\\","1945":"n","1946":"i","1947":"m","1948":"p","1949":"o","1950":"r","1951":"t","1952":" ","1953":"{","1954":" ","1955":"f","1956":"e","1957":"t","1958":"c","1959":"h","1960":"P","1961":"o","1962":"s","1963":"t","1964":"s","1965":" ","1966":"}","1967":" ","1968":"f","1969":"r","1970":"o","1971":"m","1972":" ","1973":"\\","1974":"\"","1975":".","1976":"/","1977":"s","1978":"e","1979":"r","1980":"v","1981":"i","1982":"c","1983":"e","1984":"\\","1985":"\"","1986":";","1987":"\\","1988":"n","1989":"\\","1990":"n","1991":"e","1992":"x","1993":"p","1994":"o","1995":"r","1996":"t","1997":" ","1998":"d","1999":"e","2000":"f","2001":"a","2002":"u","2003":"l","2004":"t","2005":" ","2006":"{","2007":"\\","2008":"n","2009":" ","2010":" ","2011":"n","2012":"a","2013":"m","2014":"e","2015":":","2016":" ","2017":"\\","2018":"\"","2019":"A","2020":"p","2021":"p","2022":"\\","2023":"\"","2024":",","2025":"\\","2026":"n","2027":" ","2028":" ","2029":"c","2030":"o","2031":"m","2032":"p","2033":"o","2034":"n","2035":"e","2036":"n","2037":"t","2038":"s","2039":":","2040":" ","2041":"{","2042":"\\","2043":"n","2044":" ","2045":" ","2046":" ","2047":" ","2048":"P","2049":"o","2050":"s","2051":"t","2052":"s","2053":"L","2054":"i","2055":"s","2056":"t","2057":",","2058":"\\","2059":"n","2060":" ","2061":" ","2062":" ","2063":" ","2064":"A","2065":"c","2066":"t","2067":"i","2068":"o","2069":"n","2070":"s","2071":"L","2072":"i","2073":"s","2074":"t","2075":",","2076":"\\","2077":"n","2078":" ","2079":" ","2080":"}","2081":",","2082":"\\","2083":"n","2084":" ","2085":" ","2086":"s","2087":"e","2088":"t","2089":"u","2090":"p","2091":"(","2092":")","2093":" ","2094":"{","2095":"\\","2096":"n","2097":" ","2098":" ","2099":" ","2100":" ","2101":"c","2102":"o","2103":"n","2104":"s","2105":"t","2106":" ","2107":"a","2108":"c","2109":"t","2110":"i","2111":"o","2112":"n","2113":"s","2114":" ","2115":"=","2116":" ","2117":"r","2118":"e","2119":"f","2120":"(","2121":"[","2122":"]","2123":")","2124":";","2125":"\\","2126":"n","2127":" ","2128":" ","2129":" ","2130":" ","2131":"c","2132":"o","2133":"n","2134":"s","2135":"t","2136":" ","2137":"p","2138":"o","2139":"s","2140":"t","2141":"s","2142":" ","2143":"=","2144":" ","2145":"r","2146":"e","2147":"f","2148":"(","2149":"[","2150":"]","2151":")","2152":";","2153":"\\","2154":"n","2155":"\\","2156":"n","2157":" ","2158":" ","2159":" ","2160":" ","2161":"/","2162":"/","2163":" ","2164":"r","2165":"e","2166":"-","2167":"o","2168":"d","2169":"e","2170":"r","2171":" ","2172":"e","2173":"l","2174":"e","2175":"m","2176":"e","2177":"n","2178":"t","2179":" ","2180":"i","2181":"n","2182":" ","2183":"t","2184":"h","2185":"e","2186":" ","2187":"a","2188":"r","2189":"r","2190":"a","2191":"y","2192":" ","2193":"a","2194":"n","2195":"d","2196":" ","2197":"a","2198":"d","2199":"d","2200":" ","2201":"t","2202":"h","2203":"e","2204":" ","2205":"a","2206":"c","2207":"t","2208":"i","2209":"o","2210":"n","2211":" ","2212":"t","2213":"o","2214":" ","2215":"t","2216":"h","2217":"e","2218":" ","2219":"a","2220":"c","2221":"t","2222":"i","2223":"o","2224":"n","2225":"s","2226":" ","2227":"a","2228":"r","2229":"r","2230":"a","2231":"y","2232":"\\","2233":"n","2234":" ","2235":" ","2236":" ","2237":" ","2238":"f","2239":"u","2240":"n","2241":"c","2242":"t","2243":"i","2244":"o","2245":"n","2246":" ","2247":"h","2248":"a","2249":"n","2250":"d","2251":"l","2252":"e","2253":"R","2254":"e","2255":"o","2256":"r","2257":"d","2258":"e","2259":"r","2260":"(","2261":"a","2262":"c","2263":"t","2264":"i","2265":"o","2266":"n","2267":")","2268":" ","2269":"{","2270":"\\","2271":"n","2272":" ","2273":" ","2274":" ","2275":" ","2276":" ","2277":" ","2278":"p","2279":"o","2280":"s","2281":"t","2282":"s","2283":".","2284":"v","2285":"a","2286":"l","2287":"u","2288":"e","2289":" ","2290":"=","2291":" ","2292":"m","2293":"o","2294":"v","2295":"e","2296":"I","2297":"t","2298":"e","2299":"m","2300":"W","2301":"i","2302":"t","2303":"h","2304":"i","2305":"n","2306":"A","2307":"r","2308":"r","2309":"a","2310":"y","2311":"(","2312":"p","2313":"o","2314":"s","2315":"t","2316":"s","2317":".","2318":"v","2319":"a","2320":"l","2321":"u","2322":"e","2323":",","2324":" ","2325":"a","2326":"c","2327":"t","2328":"i","2329":"o","2330":"n","2331":".","2332":"f","2333":"r","2334":"o","2335":"m","2336":",","2337":" ","2338":"a","2339":"c","2340":"t","2341":"i","2342":"o","2343":"n","2344":".","2345":"t","2346":"o","2347":")","2348":";","2349":"\\","2350":"n","2351":" ","2352":" ","2353":" ","2354":" ","2355":" ","2356":" ","2357":"a","2358":"c","2359":"t","2360":"i","2361":"o","2362":"n","2363":"s","2364":".","2365":"v","2366":"a","2367":"l","2368":"u","2369":"e","2370":".","2371":"u","2372":"n","2373":"s","2374":"h","2375":"i","2376":"f","2377":"t","2378":"(","2379":"a","2380":"c","2381":"t","2382":"i","2383":"o","2384":"n","2385":")","2386":";","2387":"\\","2388":"n","2389":" ","2390":" ","2391":" ","2392":" ","2393":"}","2394":"\\","2395":"n","2396":"\\","2397":"n","2398":" ","2399":" ","2400":" ","2401":" ","2402":"f","2403":"u","2404":"n","2405":"c","2406":"t","2407":"i","2408":"o","2409":"n","2410":" ","2411":"h","2412":"a","2413":"n","2414":"d","2415":"l","2416":"e","2417":"T","2418":"i","2419":"m","2420":"e","2421":"T","2422":"r","2423":"a","2424":"v","2425":"e","2426":"l","2427":"(","2428":"t","2429":"o","2430":"I","2431":"n","2432":"d","2433":"e","2434":"x","2435":")","2436":" ","2437":"{","2438":"\\","2439":"n","2440":" ","2441":" ","2442":" ","2443":" ","2444":" ","2445":" ","2446":"f","2447":"o","2448":"r","2449":" ","2450":"(","2451":"l","2452":"e","2453":"t","2454":" ","2455":"i","2456":" ","2457":"=","2458":" ","2459":"0","2460":";","2461":" ","2462":"i","2463":" ","2464":"<","2465":"=","2466":" ","2467":"t","2468":"o","2469":"I","2470":"n","2471":"d","2472":"e","2473":"x","2474":";","2475":" ","2476":"i","2477":"+","2478":"+","2479":")","2480":" ","2481":"{","2482":"\\","2483":"n","2484":" ","2485":" ","2486":" ","2487":" ","2488":" ","2489":" ","2490":" ","2491":" ","2492":"c","2493":"o","2494":"n","2495":"s","2496":"t","2497":" ","2498":"a","2499":"c","2500":"t","2501":"i","2502":"o","2503":"n","2504":" ","2505":"=","2506":" ","2507":"a","2508":"c","2509":"t","2510":"i","2511":"o","2512":"n","2513":"s","2514":".","2515":"v","2516":"a","2517":"l","2518":"u","2519":"e","2520":".","2521":"s","2522":"h","2523":"i","2524":"f","2525":"t","2526":"(","2527":")","2528":";","2529":"\\","2530":"n","2531":" ","2532":" ","2533":" ","2534":" ","2535":" ","2536":" ","2537":" ","2538":" ","2539":"p","2540":"o","2541":"s","2542":"t","2543":"s","2544":".","2545":"v","2546":"a","2547":"l","2548":"u","2549":"e","2550":" ","2551":"=","2552":" ","2553":"m","2554":"o","2555":"v","2556":"e","2557":"I","2558":"t","2559":"e","2560":"m","2561":"W","2562":"i","2563":"t","2564":"h","2565":"i","2566":"n","2567":"A","2568":"r","2569":"r","2570":"a","2571":"y","2572":"(","2573":"p","2574":"o","2575":"s","2576":"t","2577":"s","2578":".","2579":"v","2580":"a","2581":"l","2582":"u","2583":"e","2584":",","2585":" ","2586":"a","2587":"c","2588":"t","2589":"i","2590":"o","2591":"n","2592":".","2593":"t","2594":"o","2595":",","2596":" ","2597":"a","2598":"c","2599":"t","2600":"i","2601":"o","2602":"n","2603":".","2604":"f","2605":"r","2606":"o","2607":"m","2608":")","2609":";","2610":"\\","2611":"n","2612":" ","2613":" ","2614":" ","2615":" ","2616":" ","2617":" ","2618":"}","2619":"\\","2620":"n","2621":" ","2622":" ","2623":" ","2624":" ","2625":"}","2626":"\\","2627":"n","2628":"\\","2629":"n","2630":" ","2631":" ","2632":" ","2633":" ","2634":"o","2635":"n","2636":"M","2637":"o","2638":"u","2639":"n","2640":"t","2641":"e","2642":"d","2643":"(","2644":"(","2645":")","2646":" ","2647":"=","2648":">","2649":" ","2650":"{","2651":"\\","2652":"n","2653":" ","2654":" ","2655":" ","2656":" ","2657":" ","2658":" ","2659":"f","2660":"e","2661":"t","2662":"c","2663":"h","2664":"P","2665":"o","2666":"s","2667":"t","2668":"s","2669":"(","2670":")","2671":"\\","2672":"n","2673":" ","2674":" ","2675":" ","2676":" ","2677":" ","2678":" ","2679":" ","2680":" ","2681":".","2682":"t","2683":"h","2684":"e","2685":"n","2686":"(","2687":"(","2688":"d","2689":"a","2690":"t","2691":"a","2692":")","2693":" ","2694":"=","2695":">","2696":" ","2697":"{","2698":"\\","2699":"n","2700":" ","2701":" ","2702":" ","2703":" ","2704":" ","2705":" ","2706":" ","2707":" ","2708":" ","2709":" ","2710":"p","2711":"o","2712":"s","2713":"t","2714":"s","2715":".","2716":"v","2717":"a","2718":"l","2719":"u","2720":"e","2721":" ","2722":"=","2723":" ","2724":"d","2725":"a","2726":"t","2727":"a","2728":";","2729":"\\","2730":"n","2731":" ","2732":" ","2733":" ","2734":" ","2735":" ","2736":" ","2737":" ","2738":" ","2739":"}","2740":")","2741":"\\","2742":"n","2743":" ","2744":" ","2745":" ","2746":" ","2747":" ","2748":" ","2749":" ","2750":" ","2751":"/","2752":"/","2753":" ","2754":"h","2755":"a","2756":"n","2757":"d","2758":"l","2759":"e","2760":" ","2761":"e","2762":"r","2763":"r","2764":"o","2765":"r","2766":" ","2767":"p","2768":"r","2769":"o","2770":"p","2771":"e","2772":"r","2773":"l","2774":"y","2775":"\\","2776":"n","2777":" ","2778":" ","2779":" ","2780":" ","2781":" ","2782":" ","2783":" ","2784":" ","2785":".","2786":"c","2787":"a","2788":"t","2789":"c","2790":"h","2791":"(","2792":"(","2793":"e","2794":"r","2795":"r","2796":"o","2797":"r","2798":")","2799":" ","2800":"=","2801":">","2802":" ","2803":"c","2804":"o","2805":"n","2806":"s","2807":"o","2808":"l","2809":"e","2810":".","2811":"l","2812":"o","2813":"g","2814":"(","2815":"e","2816":"r","2817":"r","2818":"o","2819":"r","2820":")","2821":")","2822":";","2823":"\\","2824":"n","2825":" ","2826":" ","2827":" ","2828":" ","2829":"}","2830":")","2831":";","2832":"\\","2833":"n","2834":"\\","2835":"n","2836":" ","2837":" ","2838":" ","2839":" ","2840":"r","2841":"e","2842":"t","2843":"u","2844":"r","2845":"n","2846":" ","2847":"{","2848":"\\","2849":"n","2850":" ","2851":" ","2852":" ","2853":" ","2854":" ","2855":" ","2856":"a","2857":"c","2858":"t","2859":"i","2860":"o","2861":"n","2862":"s","2863":",","2864":"\\","2865":"n","2866":" ","2867":" ","2868":" ","2869":" ","2870":" ","2871":" ","2872":"p","2873":"o","2874":"s","2875":"t","2876":"s","2877":",","2878":"\\","2879":"n","2880":" ","2881":" ","2882":" ","2883":" ","2884":" ","2885":" ","2886":"h","2887":"a","2888":"n","2889":"d","2890":"l","2891":"e","2892":"R","2893":"e","2894":"o","2895":"r","2896":"d","2897":"e","2898":"r","2899":",","2900":"\\","2901":"n","2902":" ","2903":" ","2904":" ","2905":" ","2906":" ","2907":" ","2908":"h","2909":"a","2910":"n","2911":"d","2912":"l","2913":"e","2914":"T","2915":"i","2916":"m","2917":"e","2918":"T","2919":"r","2920":"a","2921":"v","2922":"e","2923":"l","2924":",","2925":"\\","2926":"n","2927":" ","2928":" ","2929":" ","2930":" ","2931":"}","2932":";","2933":"\\","2934":"n","2935":" ","2936":" ","2937":"}","2938":",","2939":"\\","2940":"n","2941":"}","2942":";","2943":"\\","2944":"n","2945":"<","2946":"/","2947":"s","2948":"c","2949":"r","2950":"i","2951":"p","2952":"t","2953":">","2954":"\\","2955":"n","2956":"\\","2957":"n","2958":"<","2959":"s","2960":"t","2961":"y","2962":"l","2963":"e","2964":">","2965":"\\","2966":"n","2967":".","2968":"b","2969":"a","2970":"c","2971":"k","2972":"g","2973":"r","2974":"o","2975":"u","2976":"n","2977":"d","2978":" ","2979":"{","2980":"\\","2981":"n","2982":"}","2983":"\\","2984":"n","2985":"<","2986":"/","2987":"s","2988":"t","2989":"y","2990":"l","2991":"e","2992":">","2993":"\\","2994":"n","2995":"\"","2996":"]","2997":"}"},"_coverageSchema":"1a1c01bbd47fc00a2c39e90264f33305004495a9","hash":"ebbf0f94af01a16ac98659b02dc15284bb2200f9"}
,"/Users/marcocampos/dev/posts-temp/src/utils.js": {"path":"/Users/marcocampos/dev/posts-temp/src/utils.js","statementMap":{"0":{"start":{"line":3,"column":2},"end":{"line":3,"column":50}},"1":{"start":{"line":3,"column":29},"end":{"line":3,"column":50}},"2":{"start":{"line":5,"column":17},"end":{"line":5,"column":30}},"3":{"start":{"line":6,"column":17},"end":{"line":6,"column":44}},"4":{"start":{"line":7,"column":2},"end":{"line":7,"column":34}},"5":{"start":{"line":9,"column":2},"end":{"line":9,"column":16}}},"fnMap":{"0":{"name":"moveItemWithinArray","decl":{"start":{"line":2,"column":16},"end":{"line":2,"column":35}},"loc":{"start":{"line":2,"column":63},"end":{"line":10,"column":1}},"line":2}},"branchMap":{"0":{"loc":{"start":{"line":3,"column":2},"end":{"line":3,"column":50}},"type":"if","locations":[{"start":{"line":3,"column":2},"end":{"line":3,"column":50}},{"start":{},"end":{}}],"line":3}},"s":{"0":5,"1":1,"2":4,"3":4,"4":4,"5":4},"f":{"0":5},"b":{"0":[1,4]},"_coverageSchema":"1a1c01bbd47fc00a2c39e90264f33305004495a9","hash":"557e2c4ff41f32d029eec15ca571097ca4c5b0e7"}
,"/Users/marcocampos/dev/posts-temp/src/components/ActionsList.vue": {"path":"/Users/marcocampos/dev/posts-temp/src/components/ActionsList.vue","statementMap":{"0":{"start":{"line":4,"column":0},"end":{"line":6,"column":3}},"1":{"start":{"line":7,"column":0},"end":{"line":7,"column":25}},"2":{"start":{"line":8,"column":15},"end":{"line":26,"column":1}},"3":{"start":{"line":19,"column":23},"end":{"line":21,"column":5}},"4":{"start":{"line":20,"column":6},"end":{"line":20,"column":33}},"5":{"start":{"line":22,"column":4},"end":{"line":24,"column":6}},"6":{"start":{"line":27,"column":0},"end":{"line":27,"column":13}},"7":{"start":{"line":29,"column":0},"end":{"line":31,"column":3}},"8":{"start":{"line":32,"column":0},"end":{"line":32,"column":24}},"9":{"start":{"line":33,"column":11},"end":{"line":33,"column":25}},"10":{"start":{"line":34,"column":32},"end":{"line":34,"column":101}},"11":{"start":{"line":35,"column":19},"end":{"line":37,"column":1}},"12":{"start":{"line":38,"column":19},"end":{"line":40,"column":1}},"13":{"start":{"line":41,"column":19},"end":{"line":43,"column":1}},"14":{"start":{"line":44,"column":19},"end":{"line":44,"column":30}},"15":{"start":{"line":46,"column":2},"end":{"line":61,"column":35}},"16":{"start":{"line":49,"column":37},"end":{"line":58,"column":35}},"17":{"start":{"line":52,"column":6},"end":{"line":57,"column":55}},"18":{"start":{"line":56,"column":27},"end":{"line":56,"column":49}},"19":{"start":{"line":62,"column":2},"end":{"line":62,"column":49}}},"fnMap":{"0":{"name":"(anonymous_0)","decl":{"start":{"line":16,"column":2},"end":{"line":16,"column":3}},"loc":{"start":{"line":18,"column":5},"end":{"line":25,"column":3}},"line":18},"1":{"name":"(anonymous_1)","decl":{"start":{"line":19,"column":23},"end":{"line":19,"column":24}},"loc":{"start":{"line":19,"column":32},"end":{"line":21,"column":5}},"line":19},"2":{"name":"render","decl":{"start":{"line":45,"column":9},"end":{"line":45,"column":15}},"loc":{"start":{"line":45,"column":30},"end":{"line":62,"column":1}},"line":45},"3":{"name":"(anonymous_3)","decl":{"start":{"line":49,"column":31},"end":{"line":49,"column":32}},"loc":{"start":{"line":49,"column":37},"end":{"line":58,"column":35}},"line":49},"4":{"name":"(anonymous_4)","decl":{"start":{"line":51,"column":42},"end":{"line":51,"column":43}},"loc":{"start":{"line":51,"column":61},"end":{"line":58,"column":5}},"line":51},"5":{"name":"(anonymous_5)","decl":{"start":{"line":56,"column":17},"end":{"line":56,"column":18}},"loc":{"start":{"line":56,"column":27},"end":{"line":56,"column":49}},"line":56}},"branchMap":{"0":{"loc":{"start":{"line":49,"column":38},"end":{"line":58,"column":34}},"type":"cond-expr","locations":[{"start":{"line":49,"column":62},"end":{"line":49,"column":154}},{"start":{"line":49,"column":159},"end":{"line":58,"column":33}}],"line":49}},"s":{"0":2,"1":2,"2":2,"3":3,"4":1,"5":3,"6":2,"7":2,"8":2,"9":2,"10":2,"11":2,"12":2,"13":2,"14":2,"15":3,"16":3,"17":6,"18":1,"19":2},"f":{"0":3,"1":1,"2":3,"3":3,"4":6,"5":1},"b":{"0":[1,2]},"inputSourceMap":{"0":"{","1":"\"","2":"v","3":"e","4":"r","5":"s","6":"i","7":"o","8":"n","9":"\"","10":":","11":"3","12":",","13":"\"","14":"s","15":"o","16":"u","17":"r","18":"c","19":"e","20":"s","21":"\"","22":":","23":"[","24":"\"","25":"/","26":"U","27":"s","28":"e","29":"r","30":"s","31":"/","32":"m","33":"a","34":"r","35":"c","36":"o","37":"c","38":"a","39":"m","40":"p","41":"o","42":"s","43":"/","44":"d","45":"e","46":"v","47":"/","48":"p","49":"o","50":"s","51":"t","52":"s","53":"-","54":"t","55":"e","56":"m","57":"p","58":"/","59":"s","60":"r","61":"c","62":"/","63":"c","64":"o","65":"m","66":"p","67":"o","68":"n","69":"e","70":"n","71":"t","72":"s","73":"/","74":"A","75":"c","76":"t","77":"i","78":"o","79":"n","80":"s","81":"L","82":"i","83":"s","84":"t","85":".","86":"v","87":"u","88":"e","89":"\"","90":"]","91":",","92":"\"","93":"n","94":"a","95":"m","96":"e","97":"s","98":"\"","99":":","100":"[","101":"]","102":",","103":"\"","104":"m","105":"a","106":"p","107":"p","108":"i","109":"n","110":"g","111":"s","112":"\"","113":":","114":"\"","115":";","116":";","117":";","118":";","119":";","120":";","121":";","122":"i","123":"C","124":"A","125":"q","126":"B","127":"e","128":";","129":"E","130":"A","131":"C","132":"b","133":",","134":"I","135":"A","136":"A","137":"I","138":",","139":"E","140":"A","141":"A","142":"E","143":",","144":"Y","145":"A","146":"A","147":"Y","148":";","149":"E","150":"A","151":"C","152":"l","153":"B","154":",","155":"K","156":"A","157":"A","158":"K","159":",","160":"E","161":"A","162":"A","163":"E","164":";","165":"I","166":"A","167":"C","168":"L","169":",","170":"O","171":"A","172":"A","173":"O","174":",","175":"E","176":"A","177":"A","178":"E","179":";","180":"M","181":"A","182":"C","183":"P","184":",","185":"I","186":"A","187":"A","188":"I","189":",","190":"E","191":"A","192":"A","193":"E","194":",","195":"K","196":"A","197":"A","198":"K","199":";","200":"M","201":"A","202":"C","203":"X","204":",","205":"Q","206":"A","207":"A","208":"Q","209":",","210":"E","211":"A","212":"A","213":"E","214":";","215":"I","216":"A","217":"C","218":"Z","219":";","220":"E","221":"A","222":"C","223":"F","224":",","225":"C","226":"A","227":"A","228":"C","229":";","230":"E","231":"A","232":"C","233":"D","234":",","235":"K","236":"A","237":"A","238":"K","239":",","240":"C","241":"A","242":"A","243":"C","244":",","245":"K","246":"A","247":"A","248":"K","249":",","250":"E","251":"A","252":"A","253":"E","254":";","255":"I","256":"A","257":"A","258":"E","259":";","260":"E","261":"A","262":"A","263":"K","264":",","265":"C","266":"A","267":"A","268":"C","269":",","270":"E","271":"A","272":"A","273":"E","274":";","275":"I","276":"A","277":"C","278":"r","279":"B","280":",","281":"M","282":"A","283":"A","284":"M","285":",","286":"U","287":"A","288":"A","289":"U","290":",","291":"G","292":"A","293":"A","294":"I","295":",","296":"K","297":"A","298":"A","299":"K","300":",","301":"I","302":"A","303":"A","304":"K","305":";","306":"M","307":"A","308":"C","309":"5","310":"B","311":",","312":"I","313":"A","314":"A","315":"I","316":",","317":"C","318":"A","319":"A","320":"C","321":",","322":"a","323":"A","324":"A","325":"a","326":",","327":"E","328":"A","329":"A","330":"E","331":",","332":"K","333":"A","334":"A","335":"K","336":",","337":"C","338":"A","339":"A","340":"C","341":";","342":"I","343":"A","344":"C","345":"5","346":"B","347":",","348":"C","349":"A","350":"A","351":"C","352":";","353":"I","354":"A","355":"E","356":"D","357":",","358":"O","359":"A","360":"A","361":"O","362":";","363":"M","364":"A","365":"C","366":"L","367":";","368":"I","369":"A","370":"C","371":"F","372":",","373":"C","374":"A","375":"A","376":"C","377":";","378":"E","379":"A","380":"C","381":"H","382":";","383":"A","384":"A","385":"C","386":"F","387":",","388":"C","389":"A","390":"A","391":"C","392":"\"","393":",","394":"\"","395":"f","396":"i","397":"l","398":"e","399":"\"","400":":","401":"\"","402":"/","403":"U","404":"s","405":"e","406":"r","407":"s","408":"/","409":"m","410":"a","411":"r","412":"c","413":"o","414":"c","415":"a","416":"m","417":"p","418":"o","419":"s","420":"/","421":"d","422":"e","423":"v","424":"/","425":"p","426":"o","427":"s","428":"t","429":"s","430":"-","431":"t","432":"e","433":"m","434":"p","435":"/","436":"s","437":"r","438":"c","439":"/","440":"c","441":"o","442":"m","443":"p","444":"o","445":"n","446":"e","447":"n","448":"t","449":"s","450":"/","451":"A","452":"c","453":"t","454":"i","455":"o","456":"n","457":"s","458":"L","459":"i","460":"s","461":"t","462":".","463":"v","464":"u","465":"e","466":"\"","467":",","468":"\"","469":"s","470":"o","471":"u","472":"r","473":"c","474":"e","475":"s","476":"C","477":"o","478":"n","479":"t","480":"e","481":"n","482":"t","483":"\"","484":":","485":"[","486":"\"","487":"<","488":"t","489":"e","490":"m","491":"p","492":"l","493":"a","494":"t","495":"e","496":">","497":"\\","498":"n","499":" ","500":" ","501":"<","502":"h","503":"2","504":">","505":"A","506":"c","507":"t","508":"i","509":"o","510":"n","511":"s","512":"<","513":"/","514":"h","515":"2","516":">","517":"\\","518":"n","519":" ","520":" ","521":"<","522":"d","523":"i","524":"v","525":" ","526":"c","527":"l","528":"a","529":"s","530":"s","531":"=","532":"\\","533":"\"","534":"c","535":"a","536":"r","537":"d","538":"\\","539":"\"","540":">","541":"\\","542":"n","543":" ","544":" ","545":" ","546":" ","547":"<","548":"T","549":"r","550":"a","551":"n","552":"s","553":"i","554":"t","555":"i","556":"o","557":"n","558":"G","559":"r","560":"o","561":"u","562":"p","563":" ","564":"n","565":"a","566":"m","567":"e","568":"=","569":"\\","570":"\"","571":"l","572":"i","573":"s","574":"t","575":"\\","576":"\"","577":">","578":"\\","579":"n","580":" ","581":" ","582":" ","583":" ","584":" ","585":" ","586":"<","587":"d","588":"i","589":"v","590":" ","591":"v","592":"-","593":"i","594":"f","595":"=","596":"\\","597":"\"","598":"!","599":"a","600":"c","601":"t","602":"i","603":"o","604":"n","605":"s","606":".","607":"l","608":"e","609":"n","610":"g","611":"t","612":"h","613":"\\","614":"\"","615":">","616":"N","617":"O","618":" ","619":"A","620":"c","621":"t","622":"i","623":"o","624":"n","625":"s","626":" ","627":"a","628":"p","629":"p","630":"l","631":"i","632":"e","633":"d","634":"<","635":"/","636":"d","637":"i","638":"v","639":">","640":"\\","641":"n","642":" ","643":" ","644":" ","645":" ","646":" ","647":" ","648":"<","649":"u","650":"l","651":"\\","652":"n","653":" ","654":" ","655":" ","656":" ","657":" ","658":" ","659":" ","660":" ","661":"v","662":"-","663":"e","664":"l","665":"s","666":"e","667":"\\","668":"n","669":" ","670":" ","671":" ","672":" ","673":" ","674":" ","675":" ","676":" ","677":"c","678":"l","679":"a","680":"s","681":"s","682":"=","683":"\\","684":"\"","685":"l","686":"i","687":"s","688":"t","689":"-","690":"g","691":"r","692":"o","693":"u","694":"p","695":"\\","696":"\"","697":"\\","698":"n","699":" ","700":" ","701":" ","702":" ","703":" ","704":" ","705":" ","706":" ","707":"v","708":"-","709":"f","710":"o","711":"r","712":"=","713":"\\","714":"\"","715":"(","716":"a","717":"c","718":"t","719":"i","720":"o","721":"n","722":",","723":" ","724":"i","725":"n","726":"d","727":"e","728":"x","729":")","730":" ","731":"i","732":"n","733":" ","734":"a","735":"c","736":"t","737":"i","738":"o","739":"n","740":"s","741":"\\","742":"\"","743":"\\","744":"n","745":" ","746":" ","747":" ","748":" ","749":" ","750":" ","751":" ","752":" ","753":":","754":"k","755":"e","756":"y","757":"=","758":"\\","759":"\"","760":"a","761":"c","762":"t","763":"i","764":"o","765":"n","766":".","767":"m","768":"e","769":"s","770":"s","771":"a","772":"g","773":"e","774":"\\","775":"\"","776":"\\","777":"n","778":" ","779":" ","780":" ","781":" ","782":" ","783":" ","784":">","785":"\\","786":"n","787":" ","788":" ","789":" ","790":" ","791":" ","792":" ","793":" ","794":" ","795":"<","796":"l","797":"i","798":" ","799":"c","800":"l","801":"a","802":"s","803":"s","804":"=","805":"\\","806":"\"","807":"l","808":"i","809":"s","810":"t","811":"-","812":"g","813":"r","814":"o","815":"u","816":"p","817":"-","818":"i","819":"t","820":"e","821":"m","822":"\\","823":"\"","824":">","825":"\\","826":"n","827":" ","828":" ","829":" ","830":" ","831":" ","832":" ","833":" ","834":" ","835":" ","836":" ","837":"{","838":"{","839":" ","840":"a","841":"c","842":"t","843":"i","844":"o","845":"n","846":".","847":"m","848":"e","849":"s","850":"s","851":"a","852":"g","853":"e","854":" ","855":"}","856":"}","857":"\\","858":"n","859":" ","860":" ","861":" ","862":" ","863":" ","864":" ","865":" ","866":" ","867":" ","868":" ","869":"<","870":"b","871":"u","872":"t","873":"t","874":"o","875":"n","876":" ","877":"@","878":"c","879":"l","880":"i","881":"c","882":"k","883":"=","884":"\\","885":"\"","886":"t","887":"i","888":"m","889":"e","890":"T","891":"r","892":"a","893":"v","894":"e","895":"l","896":"(","897":"i","898":"n","899":"d","900":"e","901":"x","902":")","903":"\\","904":"\"","905":">","906":"T","907":"i","908":"m","909":"e","910":" ","911":"t","912":"r","913":"a","914":"v","915":"e","916":"l","917":"<","918":"/","919":"b","920":"u","921":"t","922":"t","923":"o","924":"n","925":">","926":"\\","927":"n","928":" ","929":" ","930":" ","931":" ","932":" ","933":" ","934":" ","935":" ","936":"<","937":"/","938":"l","939":"i","940":">","941":"\\","942":"n","943":" ","944":" ","945":" ","946":" ","947":" ","948":" ","949":"<","950":"/","951":"u","952":"l","953":">","954":"\\","955":"n","956":" ","957":" ","958":" ","959":" ","960":"<","961":"/","962":"T","963":"r","964":"a","965":"n","966":"s","967":"i","968":"t","969":"i","970":"o","971":"n","972":"G","973":"r","974":"o","975":"u","976":"p","977":">","978":"\\","979":"n","980":" ","981":" ","982":"<","983":"/","984":"d","985":"i","986":"v","987":">","988":"\\","989":"n","990":"<","991":"/","992":"t","993":"e","994":"m","995":"p","996":"l","997":"a","998":"t","999":"e","1000":">","1001":"\\","1002":"n","1003":"\\","1004":"n","1005":"<","1006":"s","1007":"c","1008":"r","1009":"i","1010":"p","1011":"t","1012":">","1013":"\\","1014":"n","1015":"e","1016":"x","1017":"p","1018":"o","1019":"r","1020":"t","1021":" ","1022":"d","1023":"e","1024":"f","1025":"a","1026":"u","1027":"l","1028":"t","1029":" ","1030":"{","1031":"\\","1032":"n","1033":" ","1034":" ","1035":"n","1036":"a","1037":"m","1038":"e","1039":":","1040":" ","1041":"\\","1042":"\"","1043":"A","1044":"c","1045":"t","1046":"i","1047":"o","1048":"n","1049":"L","1050":"i","1051":"s","1052":"t","1053":"\\","1054":"\"","1055":",","1056":"\\","1057":"n","1058":" ","1059":" ","1060":"p","1061":"r","1062":"o","1063":"p","1064":"s","1065":":","1066":" ","1067":"{","1068":"\\","1069":"n","1070":" ","1071":" ","1072":" ","1073":" ","1074":"a","1075":"c","1076":"t","1077":"i","1078":"o","1079":"n","1080":"s","1081":":","1082":" ","1083":"{","1084":"\\","1085":"n","1086":" ","1087":" ","1088":" ","1089":" ","1090":" ","1091":" ","1092":"t","1093":"y","1094":"p","1095":"e","1096":":","1097":" ","1098":"A","1099":"r","1100":"r","1101":"a","1102":"y","1103":",","1104":"\\","1105":"n","1106":" ","1107":" ","1108":" ","1109":" ","1110":" ","1111":" ","1112":"r","1113":"e","1114":"q","1115":"u","1116":"i","1117":"r","1118":"e","1119":"d","1120":":","1121":" ","1122":"t","1123":"r","1124":"u","1125":"e","1126":",","1127":"\\","1128":"n","1129":" ","1130":" ","1131":" ","1132":" ","1133":"}","1134":",","1135":"\\","1136":"n","1137":" ","1138":" ","1139":"}","1140":",","1141":"\\","1142":"n","1143":" ","1144":" ","1145":"s","1146":"e","1147":"t","1148":"u","1149":"p","1150":"(","1151":"p","1152":"r","1153":"o","1154":"p","1155":"s","1156":",","1157":" ","1158":"{","1159":" ","1160":"e","1161":"m","1162":"i","1163":"t","1164":" ","1165":"}","1166":")","1167":" ","1168":"{","1169":"\\","1170":"n","1171":" ","1172":" ","1173":" ","1174":" ","1175":"c","1176":"o","1177":"n","1178":"s","1179":"t","1180":" ","1181":"t","1182":"i","1183":"m","1184":"e","1185":"T","1186":"r","1187":"a","1188":"v","1189":"e","1190":"l","1191":" ","1192":"=","1193":" ","1194":"(","1195":"i","1196":"n","1197":"d","1198":"e","1199":"x","1200":")","1201":" ","1202":"=","1203":">","1204":" ","1205":"{","1206":"\\","1207":"n","1208":" ","1209":" ","1210":" ","1211":" ","1212":" ","1213":" ","1214":"e","1215":"m","1216":"i","1217":"t","1218":"(","1219":"\\","1220":"\"","1221":"t","1222":"i","1223":"m","1224":"e","1225":"-","1226":"t","1227":"r","1228":"a","1229":"v","1230":"e","1231":"l","1232":"\\","1233":"\"","1234":",","1235":" ","1236":"i","1237":"n","1238":"d","1239":"e","1240":"x","1241":")","1242":";","1243":"\\","1244":"n","1245":" ","1246":" ","1247":" ","1248":" ","1249":"}","1250":";","1251":"\\","1252":"n","1253":"\\","1254":"n","1255":" ","1256":" ","1257":" ","1258":" ","1259":"r","1260":"e","1261":"t","1262":"u","1263":"r","1264":"n","1265":" ","1266":"{","1267":"\\","1268":"n","1269":" ","1270":" ","1271":" ","1272":" ","1273":" ","1274":" ","1275":"t","1276":"i","1277":"m","1278":"e","1279":"T","1280":"r","1281":"a","1282":"v","1283":"e","1284":"l","1285":",","1286":"\\","1287":"n","1288":" ","1289":" ","1290":" ","1291":" ","1292":"}","1293":";","1294":"\\","1295":"n","1296":" ","1297":" ","1298":"}","1299":",","1300":"\\","1301":"n","1302":"}","1303":";","1304":"\\","1305":"n","1306":"<","1307":"/","1308":"s","1309":"c","1310":"r","1311":"i","1312":"p","1313":"t","1314":">","1315":"\\","1316":"n","1317":"\"","1318":"]","1319":"}"},"_coverageSchema":"1a1c01bbd47fc00a2c39e90264f33305004495a9","hash":"8751ce4f761f8549e39a2bf3cde2b6b659374fdc"}
,"/Users/marcocampos/dev/posts-temp/src/components/PostsList.vue": {"path":"/Users/marcocampos/dev/posts-temp/src/components/PostsList.vue","statementMap":{"0":{"start":{"line":4,"column":0},"end":{"line":6,"column":3}},"1":{"start":{"line":7,"column":0},"end":{"line":7,"column":25}},"2":{"start":{"line":8,"column":15},"end":{"line":38,"column":1}},"3":{"start":{"line":20,"column":6},"end":{"line":24,"column":9}},"4":{"start":{"line":27,"column":6},"end":{"line":31,"column":9}},"5":{"start":{"line":33,"column":4},"end":{"line":36,"column":6}},"6":{"start":{"line":39,"column":0},"end":{"line":39,"column":13}},"7":{"start":{"line":41,"column":0},"end":{"line":43,"column":3}},"8":{"start":{"line":44,"column":0},"end":{"line":44,"column":24}},"9":{"start":{"line":45,"column":11},"end":{"line":45,"column":25}},"10":{"start":{"line":46,"column":32},"end":{"line":46,"column":112}},"11":{"start":{"line":47,"column":19},"end":{"line":49,"column":1}},"12":{"start":{"line":50,"column":19},"end":{"line":50,"column":30}},"13":{"start":{"line":51,"column":19},"end":{"line":51,"column":30}},"14":{"start":{"line":53,"column":2},"end":{"line":70,"column":7}},"15":{"start":{"line":56,"column":37},"end":{"line":67,"column":35}},"16":{"start":{"line":57,"column":6},"end":{"line":66,"column":93}},"17":{"start":{"line":62,"column":27},"end":{"line":62,"column":45}},"18":{"start":{"line":65,"column":27},"end":{"line":65,"column":47}},"19":{"start":{"line":71,"column":2},"end":{"line":71,"column":49}}},"fnMap":{"0":{"name":"(anonymous_0)","decl":{"start":{"line":16,"column":2},"end":{"line":16,"column":3}},"loc":{"start":{"line":18,"column":5},"end":{"line":37,"column":3}},"line":18},"1":{"name":"moveUp","decl":{"start":{"line":19,"column":13},"end":{"line":19,"column":19}},"loc":{"start":{"line":19,"column":27},"end":{"line":25,"column":5}},"line":19},"2":{"name":"moveDown","decl":{"start":{"line":26,"column":13},"end":{"line":26,"column":21}},"loc":{"start":{"line":26,"column":29},"end":{"line":32,"column":5}},"line":26},"3":{"name":"render","decl":{"start":{"line":52,"column":9},"end":{"line":52,"column":15}},"loc":{"start":{"line":52,"column":30},"end":{"line":71,"column":1}},"line":52},"4":{"name":"(anonymous_4)","decl":{"start":{"line":56,"column":31},"end":{"line":56,"column":32}},"loc":{"start":{"line":56,"column":37},"end":{"line":67,"column":35}},"line":56},"5":{"name":"(anonymous_5)","decl":{"start":{"line":56,"column":149},"end":{"line":56,"column":150}},"loc":{"start":{"line":56,"column":166},"end":{"line":67,"column":5}},"line":56},"6":{"name":"(anonymous_6)","decl":{"start":{"line":62,"column":17},"end":{"line":62,"column":18}},"loc":{"start":{"line":62,"column":27},"end":{"line":62,"column":45}},"line":62},"7":{"name":"(anonymous_7)","decl":{"start":{"line":65,"column":17},"end":{"line":65,"column":18}},"loc":{"start":{"line":65,"column":27},"end":{"line":65,"column":47}},"line":65}},"branchMap":{"0":{"loc":{"start":{"line":60,"column":162},"end":{"line":63,"column":86}},"type":"cond-expr","locations":[{"start":{"line":60,"column":175},"end":{"line":63,"column":40}},{"start":{"line":63,"column":44},"end":{"line":63,"column":86}}],"line":60},"1":{"loc":{"start":{"line":63,"column":88},"end":{"line":66,"column":88}},"type":"cond-expr","locations":[{"start":{"line":63,"column":121},"end":{"line":66,"column":42}},{"start":{"line":66,"column":46},"end":{"line":66,"column":88}}],"line":63}},"s":{"0":1,"1":1,"2":1,"3":0,"4":0,"5":0,"6":1,"7":1,"8":1,"9":1,"10":1,"11":1,"12":1,"13":1,"14":0,"15":0,"16":0,"17":0,"18":0,"19":1},"f":{"0":0,"1":0,"2":0,"3":0,"4":0,"5":0,"6":0,"7":0},"b":{"0":[0,0],"1":[0,0]},"inputSourceMap":{"0":"{","1":"\"","2":"v","3":"e","4":"r","5":"s","6":"i","7":"o","8":"n","9":"\"","10":":","11":"3","12":",","13":"\"","14":"s","15":"o","16":"u","17":"r","18":"c","19":"e","20":"s","21":"\"","22":":","23":"[","24":"\"","25":"/","26":"U","27":"s","28":"e","29":"r","30":"s","31":"/","32":"m","33":"a","34":"r","35":"c","36":"o","37":"c","38":"a","39":"m","40":"p","41":"o","42":"s","43":"/","44":"d","45":"e","46":"v","47":"/","48":"p","49":"o","50":"s","51":"t","52":"s","53":"-","54":"t","55":"e","56":"m","57":"p","58":"/","59":"s","60":"r","61":"c","62":"/","63":"c","64":"o","65":"m","66":"p","67":"o","68":"n","69":"e","70":"n","71":"t","72":"s","73":"/","74":"P","75":"o","76":"s","77":"t","78":"s","79":"L","80":"i","81":"s","82":"t","83":".","84":"v","85":"u","86":"e","87":"\"","88":"]","89":",","90":"\"","91":"n","92":"a","93":"m","94":"e","95":"s","96":"\"","97":":","98":"[","99":"]","100":",","101":"\"","102":"m","103":"a","104":"p","105":"p","106":"i","107":"n","108":"g","109":"s","110":"\"","111":":","112":"\"","113":";","114":";","115":";","116":";","117":";","118":";","119":";","120":"i","121":"C","122":"A","123":"k","124":"B","125":"e","126":";","127":"E","128":"A","129":"C","130":"b","131":",","132":"I","133":"A","134":"A","135":"I","136":",","137":"E","138":"A","139":"A","140":"E","141":",","142":"W","143":"A","144":"A","145":"W","146":";","147":"E","148":"A","149":"C","150":"j","151":"B","152":",","153":"K","154":"A","155":"A","156":"K","157":",","158":"E","159":"A","160":"A","161":"E","162":",","163":"C","164":"A","165":"A","166":"C","167":",","168":"S","169":"A","170":"A","171":"S","172":",","173":"C","174":"A","175":"A","176":"C","177":";","178":"E","179":"A","180":"C","181":"l","182":"B","183":",","184":"K","185":"A","186":"A","187":"K","188":",","189":"E","190":"A","191":"A","192":"E","193":";","194":"I","195":"A","196":"C","197":"L","198":",","199":"K","200":"A","201":"A","202":"K","203":",","204":"E","205":"A","206":"A","207":"E","208":";","209":"M","210":"A","211":"C","212":"L","213":",","214":"I","215":"A","216":"A","217":"I","218":",","219":"E","220":"A","221":"A","222":"E","223":";","224":"I","225":"A","226":"C","227":"R","228":";","229":"E","230":"A","231":"C","232":"F","233":",","234":"C","235":"A","236":"A","237":"C","238":";","239":"E","240":"A","241":"C","242":"D","243":",","244":"K","245":"A","246":"A","247":"K","248":",","249":"C","250":"A","251":"A","252":"C","253":",","254":"K","255":"A","256":"A","257":"K","258":",","259":"E","260":"A","261":"A","262":"E","263":";","264":"I","265":"A","266":"A","267":"E","268":";","269":"E","270":"A","271":"A","272":"K","273":",","274":"C","275":"A","276":"A","277":"C","278":",","279":"E","280":"A","281":"A","282":"E","283":";","284":"I","285":"A","286":"C","287":"r","288":"B","289":",","290":"S","291":"A","292":"A","293":"S","294":",","295":"M","296":"A","297":"A","298":"M","299":",","300":"C","301":"A","302":"A","303":"C","304":",","305":"K","306":"A","307":"A","308":"K","309":",","310":"E","311":"A","312":"A","313":"E","314":";","315":"M","316":"A","317":"C","318":"r","319":"B","320":",","321":"I","322":"A","323":"A","324":"I","325":",","326":"C","327":"A","328":"A","329":"C","330":",","331":"S","332":"A","333":"A","334":"S","335":",","336":"E","337":"A","338":"A","339":"E","340":";","341":"Q","342":"A","343":"C","344":"d","345":",","346":"O","347":"A","348":"A","349":"O","350":",","351":"E","352":"A","353":"A","354":"G","355":",","356":"c","357":"A","358":"C","359":"R","360":",","361":"K","362":"A","363":"A","364":"K","365":",","366":"C","367":"A","368":"A","369":"C","370":",","371":"K","372":"A","373":"A","374":"K","375":",","376":"C","377":"A","378":"A","379":"C","380":",","381":"K","382":"A","383":"A","384":"K","385":",","386":"C","387":"A","388":"A","389":"C","390":",","391":"C","392":"A","393":"A","394":"C","395":",","396":"E","397":"A","398":"C","399":"p","400":"B","401":",","402":"e","403":"A","404":"A","405":"c","406":",","407":"K","408":"A","409":"A","410":"M","411":",","412":"a","413":"A","414":"A","415":"Y","416":",","417":"K","418":"A","419":"A","420":"K","421":",","422":"G","423":"A","424":"A","425":"G","426":",","427":"C","428":"A","429":"A","430":"E","431":",","432":"E","433":"A","434":"A","435":"C","436":";","437":"Q","438":"A","439":"C","440":"5","441":"C","442":",","443":"I","444":"A","445":"A","446":"I","447":",","448":"E","449":"A","450":"A","451":"E","452":",","453":"K","454":"A","455":"A","456":"K","457":";","458":"Q","459":"A","460":"C","461":"X","462":",","463":"E","464":"A","465":"A","466":"E","467":",","468":"E","469":"A","470":"A","471":"E","472":",","473":"K","474":"A","475":"A","476":"K","477":",","478":"G","479":"A","480":"A","481":"G","482":";","483":"M","484":"A","485":"C","486":"d","487":",","488":"C","489":"A","490":"A","491":"C","492":",","493":"C","494":"A","495":"A","496":"C","497":";","498":"I","499":"A","500":"C","501":"J","502":";","503":"I","504":"A","505":"E","506":"A","507":",","508":"S","509":"A","510":"A","511":"S","512":",","513":"Q","514":"A","515":"A","516":"Q","517":",","518":"C","519":"A","520":"A","521":"C","522":",","523":"K","524":"A","525":"A","526":"K","527":",","528":"E","529":"A","530":"A","531":"E","532":";","533":"M","534":"A","535":"C","536":"v","537":"B","538":",","539":"I","540":"A","541":"A","542":"I","543":",","544":"C","545":"A","546":"A","547":"C","548":",","549":"S","550":"A","551":"A","552":"S","553":",","554":"E","555":"A","556":"A","557":"E","558":";","559":"Q","560":"A","561":"C","562":"d","563":",","564":"O","565":"A","566":"A","567":"O","568":",","569":"E","570":"A","571":"A","572":"G","573":",","574":"c","575":"A","576":"C","577":"R","578":",","579":"K","580":"A","581":"A","582":"K","583":",","584":"C","585":"A","586":"A","587":"C","588":",","589":"K","590":"A","591":"A","592":"K","593":",","594":"C","595":"A","596":"A","597":"C","598":",","599":"K","600":"A","601":"A","602":"K","603":",","604":"C","605":"A","606":"A","607":"C","608":",","609":"C","610":"A","611":"A","612":"C","613":",","614":"E","615":"A","616":"C","617":"p","618":"B","619":",","620":"e","621":"A","622":"A","623":"c","624":",","625":"K","626":"A","627":"A","628":"M","629":",","630":"a","631":"A","632":"A","633":"Y","634":",","635":"K","636":"A","637":"A","638":"K","639":",","640":"G","641":"A","642":"A","643":"G","644":",","645":"C","646":"A","647":"A","648":"E","649":",","650":"E","651":"A","652":"A","653":"C","654":";","655":"Q","656":"A","657":"C","658":"5","659":"C","660":",","661":"I","662":"A","663":"A","664":"I","665":",","666":"E","667":"A","668":"A","669":"E","670":",","671":"K","672":"A","673":"A","674":"K","675":";","676":"Q","677":"A","678":"C","679":"X","680":",","681":"E","682":"A","683":"A","684":"E","685":",","686":"E","687":"A","688":"A","689":"E","690":",","691":"K","692":"A","693":"A","694":"K","695":",","696":"G","697":"A","698":"A","699":"G","700":";","701":"M","702":"A","703":"C","704":"d","705":",","706":"C","707":"A","708":"A","709":"C","710":",","711":"C","712":"A","713":"A","714":"C","715":";","716":"I","717":"A","718":"C","719":"J","720":";","721":"I","722":"A","723":"E","724":"A","725":",","726":"O","727":"A","728":"A","729":"O","730":";","731":"M","732":"A","733":"C","734":"L","735":",","736":"M","737":"A","738":"A","739":"M","740":";","741":"M","742":"A","743":"C","744":"N","745":";","746":"I","747":"A","748":"C","749":"F","750":",","751":"C","752":"A","753":"A","754":"C","755":";","756":"E","757":"A","758":"C","759":"H","760":";","761":"A","762":"A","763":"C","764":"F","765":",","766":"C","767":"A","768":"A","769":"C","770":"\"","771":",","772":"\"","773":"f","774":"i","775":"l","776":"e","777":"\"","778":":","779":"\"","780":"/","781":"U","782":"s","783":"e","784":"r","785":"s","786":"/","787":"m","788":"a","789":"r","790":"c","791":"o","792":"c","793":"a","794":"m","795":"p","796":"o","797":"s","798":"/","799":"d","800":"e","801":"v","802":"/","803":"p","804":"o","805":"s","806":"t","807":"s","808":"-","809":"t","810":"e","811":"m","812":"p","813":"/","814":"s","815":"r","816":"c","817":"/","818":"c","819":"o","820":"m","821":"p","822":"o","823":"n","824":"e","825":"n","826":"t","827":"s","828":"/","829":"P","830":"o","831":"s","832":"t","833":"s","834":"L","835":"i","836":"s","837":"t","838":".","839":"v","840":"u","841":"e","842":"\"","843":",","844":"\"","845":"s","846":"o","847":"u","848":"r","849":"c","850":"e","851":"s","852":"C","853":"o","854":"n","855":"t","856":"e","857":"n","858":"t","859":"\"","860":":","861":"[","862":"\"","863":"<","864":"t","865":"e","866":"m","867":"p","868":"l","869":"a","870":"t","871":"e","872":">","873":"\\","874":"n","875":" ","876":" ","877":"<","878":"d","879":"i","880":"v","881":">","882":"\\","883":"n","884":" ","885":" ","886":" ","887":" ","888":"<","889":"h","890":"2","891":">","892":"S","893":"o","894":"r","895":"t","896":"a","897":"b","898":"l","899":"e","900":" ","901":"P","902":"o","903":"s","904":"t","905":" ","906":"L","907":"i","908":"s","909":"t","910":"<","911":"/","912":"h","913":"2","914":">","915":"\\","916":"n","917":" ","918":" ","919":" ","920":" ","921":"<","922":"T","923":"r","924":"a","925":"n","926":"s","927":"i","928":"t","929":"i","930":"o","931":"n","932":"G","933":"r","934":"o","935":"u","936":"p","937":" ","938":"n","939":"a","940":"m","941":"e","942":"=","943":"\\","944":"\"","945":"l","946":"i","947":"s","948":"t","949":"\\","950":"\"","951":">","952":"\\","953":"n","954":" ","955":" ","956":" ","957":" ","958":" ","959":" ","960":"<","961":"o","962":"l","963":" ","964":"c","965":"l","966":"a","967":"s","968":"s","969":"=","970":"\\","971":"\"","972":"c","973":"a","974":"r","975":"d","976":" ","977":"m","978":"t","979":"-","980":"2","981":"\\","982":"\"","983":" ","984":"v","985":"-","986":"f","987":"o","988":"r","989":"=","990":"\\","991":"\"","992":"(","993":"p","994":"o","995":"s","996":"t","997":",","998":" ","999":"i","1000":"n","1001":"d","1002":"e","1003":"x","1004":")","1005":" ","1006":"i","1007":"n","1008":" ","1009":"i","1010":"t","1011":"e","1012":"m","1013":"s","1014":"\\","1015":"\"","1016":" ","1017":":","1018":"k","1019":"e","1020":"y","1021":"=","1022":"\\","1023":"\"","1024":"p","1025":"o","1026":"s","1027":"t","1028":".","1029":"i","1030":"d","1031":"\\","1032":"\"","1033":">","1034":"\\","1035":"n","1036":" ","1037":" ","1038":" ","1039":" ","1040":" ","1041":" ","1042":" ","1043":" ","1044":"<","1045":"l","1046":"i","1047":" ","1048":"c","1049":"l","1050":"a","1051":"s","1052":"s","1053":"=","1054":"\\","1055":"\"","1056":"c","1057":"a","1058":"r","1059":"d","1060":"-","1061":"b","1062":"o","1063":"d","1064":"y","1065":"\\","1066":"\"","1067":">","1068":"\\","1069":"n","1070":" ","1071":" ","1072":" ","1073":" ","1074":" ","1075":" ","1076":" ","1077":" ","1078":" ","1079":" ","1080":"<","1081":"s","1082":"p","1083":"a","1084":"n","1085":">","1086":"P","1087":"o","1088":"s","1089":"t","1090":" ","1091":"{","1092":"{","1093":" ","1094":"p","1095":"o","1096":"s","1097":"t","1098":".","1099":"i","1100":"d","1101":" ","1102":"}","1103":"}","1104":"<","1105":"/","1106":"s","1107":"p","1108":"a","1109":"n","1110":">","1111":"\\","1112":"n","1113":" ","1114":" ","1115":" ","1116":" ","1117":" ","1118":" ","1119":" ","1120":" ","1121":" ","1122":" ","1123":"<","1124":"b","1125":"u","1126":"t","1127":"t","1128":"o","1129":"n","1130":" ","1131":"@","1132":"c","1133":"l","1134":"i","1135":"c","1136":"k","1137":"=","1138":"\\","1139":"\"","1140":"m","1141":"o","1142":"v","1143":"e","1144":"U","1145":"p","1146":"(","1147":"i","1148":"n","1149":"d","1150":"e","1151":"x","1152":")","1153":"\\","1154":"\"","1155":" ","1156":"v","1157":"-","1158":"i","1159":"f","1160":"=","1161":"\\","1162":"\"","1163":"i","1164":"n","1165":"d","1166":"e","1167":"x","1168":" ","1169":">","1170":" ","1171":"0","1172":"\\","1173":"\"","1174":">","1175":"↑","1176":"<","1177":"/","1178":"b","1179":"u","1180":"t","1181":"t","1182":"o","1183":"n","1184":">","1185":"\\","1186":"n","1187":" ","1188":" ","1189":" ","1190":" ","1191":" ","1192":" ","1193":" ","1194":" ","1195":" ","1196":" ","1197":"<","1198":"b","1199":"u","1200":"t","1201":"t","1202":"o","1203":"n","1204":" ","1205":"@","1206":"c","1207":"l","1208":"i","1209":"c","1210":"k","1211":"=","1212":"\\","1213":"\"","1214":"m","1215":"o","1216":"v","1217":"e","1218":"D","1219":"o","1220":"w","1221":"n","1222":"(","1223":"i","1224":"n","1225":"d","1226":"e","1227":"x","1228":")","1229":"\\","1230":"\"","1231":" ","1232":"v","1233":"-","1234":"i","1235":"f","1236":"=","1237":"\\","1238":"\"","1239":"i","1240":"n","1241":"d","1242":"e","1243":"x","1244":" ","1245":"<","1246":" ","1247":"i","1248":"t","1249":"e","1250":"m","1251":"s","1252":".","1253":"l","1254":"e","1255":"n","1256":"g","1257":"t","1258":"h","1259":" ","1260":"-","1261":" ","1262":"1","1263":"\\","1264":"\"","1265":">","1266":"\\","1267":"n","1268":" ","1269":" ","1270":" ","1271":" ","1272":" ","1273":" ","1274":" ","1275":" ","1276":" ","1277":" ","1278":" ","1279":" ","1280":"↓","1281":"\\","1282":"n","1283":" ","1284":" ","1285":" ","1286":" ","1287":" ","1288":" ","1289":" ","1290":" ","1291":" ","1292":" ","1293":"<","1294":"/","1295":"b","1296":"u","1297":"t","1298":"t","1299":"o","1300":"n","1301":">","1302":"\\","1303":"n","1304":" ","1305":" ","1306":" ","1307":" ","1308":" ","1309":" ","1310":" ","1311":" ","1312":"<","1313":"/","1314":"l","1315":"i","1316":">","1317":"\\","1318":"n","1319":" ","1320":" ","1321":" ","1322":" ","1323":" ","1324":" ","1325":"<","1326":"/","1327":"o","1328":"l","1329":">","1330":"\\","1331":"n","1332":" ","1333":" ","1334":" ","1335":" ","1336":"<","1337":"/","1338":"T","1339":"r","1340":"a","1341":"n","1342":"s","1343":"i","1344":"t","1345":"i","1346":"o","1347":"n","1348":"G","1349":"r","1350":"o","1351":"u","1352":"p","1353":">","1354":"\\","1355":"n","1356":" ","1357":" ","1358":"<","1359":"/","1360":"d","1361":"i","1362":"v","1363":">","1364":"\\","1365":"n","1366":"<","1367":"/","1368":"t","1369":"e","1370":"m","1371":"p","1372":"l","1373":"a","1374":"t","1375":"e","1376":">","1377":"\\","1378":"n","1379":"\\","1380":"n","1381":"<","1382":"s","1383":"c","1384":"r","1385":"i","1386":"p","1387":"t","1388":">","1389":"\\","1390":"n","1391":"e","1392":"x","1393":"p","1394":"o","1395":"r","1396":"t","1397":" ","1398":"d","1399":"e","1400":"f","1401":"a","1402":"u","1403":"l","1404":"t","1405":" ","1406":"{","1407":"\\","1408":"n","1409":" ","1410":" ","1411":"n","1412":"a","1413":"m","1414":"e","1415":":","1416":" ","1417":"\\","1418":"\"","1419":"P","1420":"o","1421":"s","1422":"t","1423":"s","1424":"L","1425":"i","1426":"s","1427":"t","1428":"\\","1429":"\"","1430":",","1431":"\\","1432":"n","1433":" ","1434":" ","1435":"e","1436":"m","1437":"i","1438":"t","1439":"s","1440":":","1441":" ","1442":"[","1443":"\\","1444":"\"","1445":"r","1446":"e","1447":"o","1448":"r","1449":"d","1450":"e","1451":"r","1452":"\\","1453":"\"","1454":"]","1455":",","1456":"\\","1457":"n","1458":" ","1459":" ","1460":"p","1461":"r","1462":"o","1463":"p","1464":"s","1465":":","1466":" ","1467":"{","1468":"\\","1469":"n","1470":" ","1471":" ","1472":" ","1473":" ","1474":"i","1475":"t","1476":"e","1477":"m","1478":"s","1479":":","1480":" ","1481":"{","1482":"\\","1483":"n","1484":" ","1485":" ","1486":" ","1487":" ","1488":" ","1489":" ","1490":"t","1491":"y","1492":"p","1493":"e","1494":":","1495":" ","1496":"A","1497":"r","1498":"r","1499":"a","1500":"y","1501":",","1502":"\\","1503":"n","1504":" ","1505":" ","1506":" ","1507":" ","1508":"}","1509":",","1510":"\\","1511":"n","1512":" ","1513":" ","1514":"}","1515":",","1516":"\\","1517":"n","1518":" ","1519":" ","1520":"s","1521":"e","1522":"t","1523":"u","1524":"p","1525":"(","1526":"p","1527":"r","1528":"o","1529":"p","1530":"s","1531":",","1532":" ","1533":"{","1534":" ","1535":"e","1536":"m","1537":"i","1538":"t","1539":" ","1540":"}","1541":")","1542":" ","1543":"{","1544":"\\","1545":"n","1546":" ","1547":" ","1548":" ","1549":" ","1550":"f","1551":"u","1552":"n","1553":"c","1554":"t","1555":"i","1556":"o","1557":"n","1558":" ","1559":"m","1560":"o","1561":"v","1562":"e","1563":"U","1564":"p","1565":"(","1566":"i","1567":"n","1568":"d","1569":"e","1570":"x","1571":")","1572":" ","1573":"{","1574":"\\","1575":"n","1576":" ","1577":" ","1578":" ","1579":" ","1580":" ","1581":" ","1582":"e","1583":"m","1584":"i","1585":"t","1586":"(","1587":"\\","1588":"\"","1589":"r","1590":"e","1591":"o","1592":"r","1593":"d","1594":"e","1595":"r","1596":"\\","1597":"\"","1598":",","1599":" ","1600":"{","1601":"\\","1602":"n","1603":" ","1604":" ","1605":" ","1606":" ","1607":" ","1608":" ","1609":" ","1610":" ","1611":"m","1612":"e","1613":"s","1614":"s","1615":"a","1616":"g","1617":"e","1618":":","1619":" ","1620":"`","1621":"M","1622":"o","1623":"v","1624":"e","1625":"d","1626":" ","1627":"P","1628":"o","1629":"s","1630":"t","1631":" ","1632":"$","1633":"{","1634":"\\","1635":"n","1636":" ","1637":" ","1638":" ","1639":" ","1640":" ","1641":" ","1642":" ","1643":" ","1644":" ","1645":" ","1646":"p","1647":"r","1648":"o","1649":"p","1650":"s","1651":".","1652":"i","1653":"t","1654":"e","1655":"m","1656":"s","1657":"[","1658":"i","1659":"n","1660":"d","1661":"e","1662":"x","1663":"]","1664":".","1665":"i","1666":"d","1667":"\\","1668":"n","1669":" ","1670":" ","1671":" ","1672":" ","1673":" ","1674":" ","1675":" ","1676":" ","1677":"}","1678":" ","1679":"f","1680":"r","1681":"o","1682":"m","1683":" ","1684":"i","1685":"n","1686":"d","1687":"e","1688":"x","1689":" ","1690":"$","1691":"{","1692":"i","1693":"n","1694":"d","1695":"e","1696":"x","1697":"}","1698":" ","1699":"t","1700":"o","1701":" ","1702":"i","1703":"n","1704":"d","1705":"e","1706":"x","1707":" ","1708":"$","1709":"{","1710":"i","1711":"n","1712":"d","1713":"e","1714":"x","1715":" ","1716":"-","1717":" ","1718":"1","1719":"}","1720":"`","1721":",","1722":"\\","1723":"n","1724":" ","1725":" ","1726":" ","1727":" ","1728":" ","1729":" ","1730":" ","1731":" ","1732":"f","1733":"r","1734":"o","1735":"m","1736":":","1737":" ","1738":"i","1739":"n","1740":"d","1741":"e","1742":"x","1743":",","1744":"\\","1745":"n","1746":" ","1747":" ","1748":" ","1749":" ","1750":" ","1751":" ","1752":" ","1753":" ","1754":"t","1755":"o","1756":":","1757":" ","1758":"i","1759":"n","1760":"d","1761":"e","1762":"x","1763":" ","1764":"-","1765":" ","1766":"1","1767":",","1768":"\\","1769":"n","1770":" ","1771":" ","1772":" ","1773":" ","1774":" ","1775":" ","1776":"}","1777":")","1778":";","1779":"\\","1780":"n","1781":" ","1782":" ","1783":" ","1784":" ","1785":"}","1786":"\\","1787":"n","1788":"\\","1789":"n","1790":" ","1791":" ","1792":" ","1793":" ","1794":"f","1795":"u","1796":"n","1797":"c","1798":"t","1799":"i","1800":"o","1801":"n","1802":" ","1803":"m","1804":"o","1805":"v","1806":"e","1807":"D","1808":"o","1809":"w","1810":"n","1811":"(","1812":"i","1813":"n","1814":"d","1815":"e","1816":"x","1817":")","1818":" ","1819":"{","1820":"\\","1821":"n","1822":" ","1823":" ","1824":" ","1825":" ","1826":" ","1827":" ","1828":"e","1829":"m","1830":"i","1831":"t","1832":"(","1833":"\\","1834":"\"","1835":"r","1836":"e","1837":"o","1838":"r","1839":"d","1840":"e","1841":"r","1842":"\\","1843":"\"","1844":",","1845":" ","1846":"{","1847":"\\","1848":"n","1849":" ","1850":" ","1851":" ","1852":" ","1853":" ","1854":" ","1855":" ","1856":" ","1857":"m","1858":"e","1859":"s","1860":"s","1861":"a","1862":"g","1863":"e","1864":":","1865":" ","1866":"`","1867":"M","1868":"o","1869":"v","1870":"e","1871":"d","1872":" ","1873":"P","1874":"o","1875":"s","1876":"t","1877":" ","1878":"$","1879":"{","1880":"\\","1881":"n","1882":" ","1883":" ","1884":" ","1885":" ","1886":" ","1887":" ","1888":" ","1889":" ","1890":" ","1891":" ","1892":"p","1893":"r","1894":"o","1895":"p","1896":"s","1897":".","1898":"i","1899":"t","1900":"e","1901":"m","1902":"s","1903":"[","1904":"i","1905":"n","1906":"d","1907":"e","1908":"x","1909":"]","1910":".","1911":"i","1912":"d","1913":"\\","1914":"n","1915":" ","1916":" ","1917":" ","1918":" ","1919":" ","1920":" ","1921":" ","1922":" ","1923":"}","1924":" ","1925":"f","1926":"r","1927":"o","1928":"m","1929":" ","1930":"i","1931":"n","1932":"d","1933":"e","1934":"x","1935":" ","1936":"$","1937":"{","1938":"i","1939":"n","1940":"d","1941":"e","1942":"x","1943":"}","1944":" ","1945":"t","1946":"o","1947":" ","1948":"i","1949":"n","1950":"d","1951":"e","1952":"x","1953":" ","1954":"$","1955":"{","1956":"i","1957":"n","1958":"d","1959":"e","1960":"x","1961":" ","1962":"+","1963":" ","1964":"1","1965":"}","1966":"`","1967":",","1968":"\\","1969":"n","1970":" ","1971":" ","1972":" ","1973":" ","1974":" ","1975":" ","1976":" ","1977":" ","1978":"f","1979":"r","1980":"o","1981":"m","1982":":","1983":" ","1984":"i","1985":"n","1986":"d","1987":"e","1988":"x","1989":",","1990":"\\","1991":"n","1992":" ","1993":" ","1994":" ","1995":" ","1996":" ","1997":" ","1998":" ","1999":" ","2000":"t","2001":"o","2002":":","2003":" ","2004":"i","2005":"n","2006":"d","2007":"e","2008":"x","2009":" ","2010":"+","2011":" ","2012":"1","2013":",","2014":"\\","2015":"n","2016":" ","2017":" ","2018":" ","2019":" ","2020":" ","2021":" ","2022":"}","2023":")","2024":";","2025":"\\","2026":"n","2027":" ","2028":" ","2029":" ","2030":" ","2031":"}","2032":"\\","2033":"n","2034":"\\","2035":"n","2036":" ","2037":" ","2038":" ","2039":" ","2040":"r","2041":"e","2042":"t","2043":"u","2044":"r","2045":"n","2046":" ","2047":"{","2048":"\\","2049":"n","2050":" ","2051":" ","2052":" ","2053":" ","2054":" ","2055":" ","2056":"m","2057":"o","2058":"v","2059":"e","2060":"U","2061":"p","2062":",","2063":"\\","2064":"n","2065":" ","2066":" ","2067":" ","2068":" ","2069":" ","2070":" ","2071":"m","2072":"o","2073":"v","2074":"e","2075":"D","2076":"o","2077":"w","2078":"n","2079":",","2080":"\\","2081":"n","2082":" ","2083":" ","2084":" ","2085":" ","2086":"}","2087":";","2088":"\\","2089":"n","2090":" ","2091":" ","2092":"}","2093":",","2094":"\\","2095":"n","2096":"}","2097":";","2098":"\\","2099":"n","2100":"<","2101":"/","2102":"s","2103":"c","2104":"r","2105":"i","2106":"p","2107":"t","2108":">","2109":"\\","2110":"n","2111":"\"","2112":"]","2113":"}"},"_coverageSchema":"1a1c01bbd47fc00a2c39e90264f33305004495a9","hash":"8cfea42f7f43084e4d63c147e4cce3128aa9e76c"}
}
