TN:
SF:src/App.vue
FN:125,render
FNF:1
FNH:1
FNDA:2,render
DA:4,1
DA:5,1
DA:8,1
DA:103,1
DA:105,1
DA:108,1
DA:109,1
DA:110,1
DA:113,1
DA:116,1
DA:119,1
DA:122,1
DA:126,2
DA:127,2
DA:128,2
DA:135,1
LF:16
LH:16
BRF:0
BRH:0
end_of_record
TN:
SF:src/utils.js
FN:2,moveItemWithinArray
FNF:1
FNH:1
FNDA:5,moveItemWithinArray
DA:3,5
DA:5,4
DA:6,4
DA:7,4
DA:9,4
LF:5
LH:5
BRDA:3,0,0,1
BRDA:3,0,1,4
BRF:2
BRH:2
end_of_record
TN:
SF:src/components/ActionsList.vue
FN:16,(anonymous_0)
FN:19,(anonymous_1)
FN:45,render
FN:49,(anonymous_3)
FN:51,(anonymous_4)
FN:56,(anonymous_5)
FNF:6
FNH:6
FNDA:3,(anonymous_0)
FNDA:1,(anonymous_1)
FNDA:3,render
FNDA:3,(anonymous_3)
FNDA:6,(anonymous_4)
FNDA:1,(anonymous_5)
DA:4,2
DA:7,2
DA:8,2
DA:19,3
DA:20,1
DA:22,3
DA:27,2
DA:29,2
DA:32,2
DA:33,2
DA:34,2
DA:35,2
DA:38,2
DA:41,2
DA:44,2
DA:46,3
DA:49,3
DA:52,6
DA:56,1
DA:62,2
LF:20
LH:20
BRDA:49,0,0,1
BRDA:49,0,1,2
BRF:2
BRH:2
end_of_record
TN:
SF:src/components/PostsList.vue
FN:16,(anonymous_0)
FN:19,moveUp
FN:26,moveDown
FN:52,render
FN:56,(anonymous_4)
FN:56,(anonymous_5)
FN:62,(anonymous_6)
FN:65,(anonymous_7)
FNF:8
FNH:0
FNDA:0,(anonymous_0)
FNDA:0,moveUp
FNDA:0,moveDown
FNDA:0,render
FNDA:0,(anonymous_4)
FNDA:0,(anonymous_5)
FNDA:0,(anonymous_6)
FNDA:0,(anonymous_7)
DA:4,1
DA:7,1
DA:8,1
DA:20,0
DA:27,0
DA:33,0
DA:39,1
DA:41,1
DA:44,1
DA:45,1
DA:46,1
DA:47,1
DA:50,1
DA:51,1
DA:53,0
DA:56,0
DA:57,0
DA:62,0
DA:65,0
DA:71,1
LF:20
LH:12
BRDA:60,0,0,0
BRDA:60,0,1,0
BRDA:63,1,0,0
BRDA:63,1,1,0
BRF:4
BRH:0
end_of_record
